{"/Users/danielyang/Documents/graphql-take-home-assignment-core/src/server/index.js": {"path":"/Users/danielyang/Documents/graphql-take-home-assignment-core/src/server/index.js","statementMap":{"0":{"start":{"line":1,"column":33},"end":{"line":1,"column":65}},"1":{"start":{"line":2,"column":46},"end":{"line":2,"column":78}},"2":{"start":{"line":4,"column":22},"end":{"line":4,"column":44}},"3":{"start":{"line":5,"column":19},"end":{"line":5,"column":38}},"4":{"start":{"line":6,"column":26},"end":{"line":6,"column":61}},"5":{"start":{"line":8,"column":28},"end":{"line":8,"column":71}},"6":{"start":{"line":10,"column":27},"end":{"line":36,"column":1}},"7":{"start":{"line":11,"column":17},"end":{"line":33,"column":4}},"8":{"start":{"line":14,"column":6},"end":{"line":16,"column":8}},"9":{"start":{"line":23,"column":20},"end":{"line":23,"column":51}},"10":{"start":{"line":25,"column":6},"end":{"line":27,"column":7}},"11":{"start":{"line":26,"column":8},"end":{"line":26,"column":54}},"12":{"start":{"line":29,"column":6},"end":{"line":31,"column":8}},"13":{"start":{"line":35,"column":2},"end":{"line":35,"column":16}},"14":{"start":{"line":38,"column":0},"end":{"line":40,"column":2}}},"fnMap":{"0":{"name":"(anonymous_0)","decl":{"start":{"line":10,"column":27},"end":{"line":10,"column":28}},"loc":{"start":{"line":10,"column":33},"end":{"line":36,"column":1}},"line":10},"1":{"name":"(anonymous_1)","decl":{"start":{"line":13,"column":17},"end":{"line":13,"column":18}},"loc":{"start":{"line":13,"column":23},"end":{"line":17,"column":5}},"line":13},"2":{"name":"(anonymous_2)","decl":{"start":{"line":22,"column":13},"end":{"line":22,"column":14}},"loc":{"start":{"line":22,"column":26},"end":{"line":32,"column":5}},"line":22}},"branchMap":{"0":{"loc":{"start":{"line":23,"column":20},"end":{"line":23,"column":51}},"type":"binary-expr","locations":[{"start":{"line":23,"column":20},"end":{"line":23,"column":45}},{"start":{"line":23,"column":49},"end":{"line":23,"column":51}}],"line":23},"1":{"loc":{"start":{"line":25,"column":6},"end":{"line":27,"column":7}},"type":"if","locations":[{"start":{"line":25,"column":6},"end":{"line":27,"column":7}},{"start":{"line":25,"column":6},"end":{"line":27,"column":7}}],"line":25}},"s":{"0":1,"1":1,"2":1,"3":1,"4":1,"5":1,"6":1,"7":1,"8":1,"9":1,"10":1,"11":0,"12":1,"13":1,"14":1},"f":{"0":1,"1":1,"2":1},"b":{"0":[1,0],"1":[0,1]},"_coverageSchema":"1a1c01bbd47fc00a2c39e90264f33305004495a9","hash":"114dfaafe053b14e1e8f8521692865fd541c0309"}
,"/Users/danielyang/Documents/graphql-take-home-assignment-core/src/server/resolvers.js": {"path":"/Users/danielyang/Documents/graphql-take-home-assignment-core/src/server/resolvers.js","statementMap":{"0":{"start":{"line":1,"column":26},"end":{"line":1,"column":60}},"1":{"start":{"line":3,"column":18},"end":{"line":3,"column":46}},"2":{"start":{"line":5,"column":0},"end":{"line":7,"column":2}}},"fnMap":{},"branchMap":{},"s":{"0":1,"1":1,"2":1},"f":{},"b":{},"_coverageSchema":"1a1c01bbd47fc00a2c39e90264f33305004495a9","hash":"12c840fdd35715a1acc656c54ba563cdfa9688bd"}
,"/Users/danielyang/Documents/graphql-take-home-assignment-core/src/server/schema.js": {"path":"/Users/danielyang/Documents/graphql-take-home-assignment-core/src/server/schema.js","statementMap":{"0":{"start":{"line":1,"column":17},"end":{"line":1,"column":32}},"1":{"start":{"line":2,"column":30},"end":{"line":2,"column":75}},"2":{"start":{"line":3,"column":27},"end":{"line":3,"column":57}},"3":{"start":{"line":5,"column":15},"end":{"line":7,"column":2}},"4":{"start":{"line":9,"column":0},"end":{"line":9,"column":28}}},"fnMap":{},"branchMap":{},"s":{"0":1,"1":1,"2":1,"3":1,"4":1},"f":{},"b":{},"_coverageSchema":"1a1c01bbd47fc00a2c39e90264f33305004495a9","hash":"96a59fc024171c0f1236fc26380f48fd594b0bd0"}
,"/Users/danielyang/Documents/graphql-take-home-assignment-core/src/simplyRets/datasource.js": {"path":"/Users/danielyang/Documents/graphql-take-home-assignment-core/src/simplyRets/datasource.js","statementMap":{"0":{"start":{"line":1,"column":27},"end":{"line":1,"column":60}},"1":{"start":{"line":3,"column":23},"end":{"line":3,"column":35}},"2":{"start":{"line":4,"column":26},"end":{"line":4,"column":38}},"3":{"start":{"line":5,"column":13},"end":{"line":7,"column":22}},"4":{"start":{"line":9,"column":24},"end":{"line":9,"column":52}},"5":{"start":{"line":10,"column":27},"end":{"line":10,"column":40}},"6":{"start":{"line":14,"column":4},"end":{"line":14,"column":12}},"7":{"start":{"line":15,"column":4},"end":{"line":15,"column":35}},"8":{"start":{"line":19,"column":4},"end":{"line":19,"column":47}},"9":{"start":{"line":23,"column":4},"end":{"line":23,"column":66}},"10":{"start":{"line":27,"column":0},"end":{"line":31,"column":2}}},"fnMap":{"0":{"name":"(anonymous_0)","decl":{"start":{"line":13,"column":2},"end":{"line":13,"column":3}},"loc":{"start":{"line":13,"column":16},"end":{"line":16,"column":3}},"line":13},"1":{"name":"(anonymous_1)","decl":{"start":{"line":18,"column":2},"end":{"line":18,"column":3}},"loc":{"start":{"line":18,"column":27},"end":{"line":20,"column":3}},"line":18},"2":{"name":"(anonymous_2)","decl":{"start":{"line":22,"column":2},"end":{"line":22,"column":3}},"loc":{"start":{"line":22,"column":39},"end":{"line":24,"column":3}},"line":22}},"branchMap":{},"s":{"0":1,"1":1,"2":1,"3":1,"4":1,"5":1,"6":1,"7":1,"8":1,"9":1,"10":1},"f":{"0":1,"1":1,"2":1},"b":{},"_coverageSchema":"1a1c01bbd47fc00a2c39e90264f33305004495a9","hash":"809a04141727470687937c367b5d24e8adedc3c8"}
,"/Users/danielyang/Documents/graphql-take-home-assignment-core/src/simplyRets/resolvers.js": {"path":"/Users/danielyang/Documents/graphql-take-home-assignment-core/src/simplyRets/resolvers.js","statementMap":{"0":{"start":{"line":1,"column":22},"end":{"line":5,"column":1}},"1":{"start":{"line":2,"column":19},"end":{"line":2,"column":23}},"2":{"start":{"line":4,"column":2},"end":{"line":4,"column":67}},"3":{"start":{"line":7,"column":0},"end":{"line":9,"column":2}}},"fnMap":{"0":{"name":"(anonymous_0)","decl":{"start":{"line":1,"column":22},"end":{"line":1,"column":23}},"loc":{"start":{"line":1,"column":58},"end":{"line":5,"column":1}},"line":1}},"branchMap":{},"s":{"0":1,"1":1,"2":1,"3":1},"f":{"0":1},"b":{},"_coverageSchema":"1a1c01bbd47fc00a2c39e90264f33305004495a9","hash":"5f9b66dc7138fa2824b6644af1e39276ce7ef17f"}
}
